# JRE version: OpenJDK Runtime Environment (8.0_282-b08) (build 1.8.0_282-b08)
# Java VM: OpenJDK 64-Bit Server VM (25.282-b08 mixed mode windows-amd64 compressed oops)
Heap:
 PSYoungGen      total 134656K, used 44868K [0x00000000d7600000, 0x00000000e5b80000, 0x0000000100000000)
  eden space 124928K, 28% used [0x00000000d7600000,0x00000000d995b008,0x00000000df000000)
  from space 9728K, 89% used [0x00000000df000000,0x00000000df876100,0x00000000df980000)
  to   space 10752K, 0% used [0x00000000e5100000,0x00000000e5100000,0x00000000e5b80000)
 ParOldGen       total 48640K, used 5810K [0x0000000086200000, 0x0000000089180000, 0x00000000d7600000)
  object space 48640K, 11% used [0x0000000086200000,0x00000000867aca60,0x0000000089180000)
 Metaspace       used 27878K, capacity 28966K, committed 29184K, reserved 1075200K
  class space    used 3535K, capacity 3769K, committed 3840K, reserved 1048576K
GC Heap History (10 events):
Event: 1.011 GC heap before
{Heap before GC invocations=4 (full 0):
 PSYoungGen      total 36352K, used 36332K [0x00000000d7600000, 0x00000000dbd00000, 0x0000000100000000)
  eden space 31232K, 100% used [0x00000000d7600000,0x00000000d9480000,0x00000000d9480000)
  from space 5120K, 99% used [0x00000000d9480000,0x00000000d997b168,0x00000000d9980000)
  to   space 5120K, 0% used [0x00000000db800000,0x00000000db800000,0x00000000dbd00000)
 ParOldGen       total 83456K, used 298K [0x0000000086200000, 0x000000008b380000, 0x00000000d7600000)
  object space 83456K, 0% used [0x0000000086200000,0x000000008624aa90,0x000000008b380000)
 Metaspace       used 13179K, capacity 13572K, committed 13696K, reserved 1060864K
  class space    used 1668K, capacity 1797K, committed 1920K, reserved 1048576K
Event: 1.015 GC heap after
Heap after GC invocations=4 (full 0):
 PSYoungGen      total 67584K, used 4993K [0x00000000d7600000, 0x00000000dbd00000, 0x0000000100000000)
  eden space 62464K, 0% used [0x00000000d7600000,0x00000000d7600000,0x00000000db300000)
  from space 5120K, 97% used [0x00000000db800000,0x00000000dbce0580,0x00000000dbd00000)
  to   space 5120K, 0% used [0x00000000db300000,0x00000000db300000,0x00000000db800000)
 ParOldGen       total 83456K, used 306K [0x0000000086200000, 0x000000008b380000, 0x00000000d7600000)
  object space 83456K, 0% used [0x0000000086200000,0x000000008624ca90,0x000000008b380000)
 Metaspace       used 13179K, capacity 13572K, committed 13696K, reserved 1060864K
  class space    used 1668K, capacity 1797K, committed 1920K, reserved 1048576K
}
Event: 1.324 GC heap before
{Heap before GC invocations=5 (full 0):
 PSYoungGen      total 67584K, used 67457K [0x00000000d7600000, 0x00000000dbd00000, 0x0000000100000000)
  eden space 62464K, 100% used [0x00000000d7600000,0x00000000db300000,0x00000000db300000)
  from space 5120K, 97% used [0x00000000db800000,0x00000000dbce0580,0x00000000dbd00000)
  to   space 5120K, 0% used [0x00000000db300000,0x00000000db300000,0x00000000db800000)
 ParOldGen       total 83456K, used 306K [0x0000000086200000, 0x000000008b380000, 0x00000000d7600000)
  object space 83456K, 0% used [0x0000000086200000,0x000000008624ca90,0x000000008b380000)
 Metaspace       used 19531K, capacity 20052K, committed 20352K, reserved 1067008K
  class space    used 2465K, capacity 2621K, committed 2688K, reserved 1048576K
Event: 1.332 GC heap after
Heap after GC invocations=5 (full 0):
 PSYoungGen      total 67584K, used 5118K [0x00000000d7600000, 0x00000000e0400000, 0x0000000100000000)
  eden space 62464K, 0% used [0x00000000d7600000,0x00000000d7600000,0x00000000db300000)
  from space 5120K, 99% used [0x00000000db300000,0x00000000db7ffbd8,0x00000000db800000)
  to   space 10240K, 0% used [0x00000000dfa00000,0x00000000dfa00000,0x00000000e0400000)
 ParOldGen       total 83456K, used 5308K [0x0000000086200000, 0x000000008b380000, 0x00000000d7600000)
  object space 83456K, 6% used [0x0000000086200000,0x000000008672f310,0x000000008b380000)
 Metaspace       used 19531K, capacity 20052K, committed 20352K, reserved 1067008K
  class space    used 2465K, capacity 2621K, committed 2688K, reserved 1048576K
}
Event: 1.405 GC heap before
{Heap before GC invocations=6 (full 0):
 PSYoungGen      total 67584K, used 18032K [0x00000000d7600000, 0x00000000e0400000, 0x0000000100000000)
  eden space 62464K, 20% used [0x00000000d7600000,0x00000000d829c468,0x00000000db300000)
  from space 5120K, 99% used [0x00000000db300000,0x00000000db7ffbd8,0x00000000db800000)
  to   space 10240K, 0% used [0x00000000dfa00000,0x00000000dfa00000,0x00000000e0400000)
 ParOldGen       total 83456K, used 5308K [0x0000000086200000, 0x000000008b380000, 0x00000000d7600000)
  object space 83456K, 6% used [0x0000000086200000,0x000000008672f310,0x000000008b380000)
 Metaspace       used 20596K, capacity 21114K, committed 21248K, reserved 1067008K
  class space    used 2619K, capacity 2765K, committed 2816K, reserved 1048576K
Event: 1.410 GC heap after
Heap after GC invocations=6 (full 0):
 PSYoungGen      total 134144K, used 5950K [0x00000000d7600000, 0x00000000e0300000, 0x0000000100000000)
  eden space 124928K, 0% used [0x00000000d7600000,0x00000000d7600000,0x00000000df000000)
  from space 9216K, 64% used [0x00000000dfa00000,0x00000000dffcfbb8,0x00000000e0300000)
  to   space 9728K, 0% used [0x00000000df000000,0x00000000df000000,0x00000000df980000)
 ParOldGen       total 83456K, used 5316K [0x0000000086200000, 0x000000008b380000, 0x00000000d7600000)
  object space 83456K, 6% used [0x0000000086200000,0x0000000086731310,0x000000008b380000)
 Metaspace       used 20596K, capacity 21114K, committed 21248K, reserved 1067008K
  class space    used 2619K, capacity 2765K, committed 2816K, reserved 1048576K
}
Event: 1.410 GC heap before
{Heap before GC invocations=7 (full 1):
 PSYoungGen      total 134144K, used 5950K [0x00000000d7600000, 0x00000000e0300000, 0x0000000100000000)
  eden space 124928K, 0% used [0x00000000d7600000,0x00000000d7600000,0x00000000df000000)
  from space 9216K, 64% used [0x00000000dfa00000,0x00000000dffcfbb8,0x00000000e0300000)
  to   space 9728K, 0% used [0x00000000df000000,0x00000000df000000,0x00000000df980000)
 ParOldGen       total 83456K, used 5316K [0x0000000086200000, 0x000000008b380000, 0x00000000d7600000)
  object space 83456K, 6% used [0x0000000086200000,0x0000000086731310,0x000000008b380000)
 Metaspace       used 20596K, capacity 21114K, committed 21248K, reserved 1067008K
  class space    used 2619K, capacity 2765K, committed 2816K, reserved 1048576K
Event: 1.432 GC heap after
Heap after GC invocations=7 (full 1):
 PSYoungGen      total 134144K, used 0K [0x00000000d7600000, 0x00000000e0300000, 0x0000000100000000)
  eden space 124928K, 0% used [0x00000000d7600000,0x00000000d7600000,0x00000000df000000)
  from space 9216K, 0% used [0x00000000dfa00000,0x00000000dfa00000,0x00000000e0300000)
  to   space 9728K, 0% used [0x00000000df000000,0x00000000df000000,0x00000000df980000)
 ParOldGen       total 48640K, used 5738K [0x0000000086200000, 0x0000000089180000, 0x00000000d7600000)
  object space 48640K, 11% used [0x0000000086200000,0x000000008679aa50,0x0000000089180000)
 Metaspace       used 20594K, capacity 21108K, committed 21248K, reserved 1067008K
  class space    used 2618K, capacity 2764K, committed 2816K, reserved 1048576K
}
Event: 2.091 GC heap before
{Heap before GC invocations=8 (full 1):
 PSYoungGen      total 134144K, used 124928K [0x00000000d7600000, 0x00000000e0300000, 0x0000000100000000)
  eden space 124928K, 100% used [0x00000000d7600000,0x00000000df000000,0x00000000df000000)
  from space 9216K, 0% used [0x00000000dfa00000,0x00000000dfa00000,0x00000000e0300000)
  to   space 9728K, 0% used [0x00000000df000000,0x00000000df000000,0x00000000df980000)
 ParOldGen       total 48640K, used 5738K [0x0000000086200000, 0x0000000089180000, 0x00000000d7600000)
  object space 48640K, 11% used [0x0000000086200000,0x000000008679aa50,0x0000000089180000)
 Metaspace       used 26377K, capacity 27180K, committed 27392K, reserved 1073152K
  class space    used 3309K, capacity 3505K, committed 3584K, reserved 1048576K
Event: 2.100 GC heap after
Heap after GC invocations=8 (full 1):
 PSYoungGen      total 134656K, used 8664K [0x00000000d7600000, 0x00000000e5b80000, 0x0000000100000000)
  eden space 124928K, 0% used [0x00000000d7600000,0x00000000d7600000,0x00000000df000000)
  from space 9728K, 89% used [0x00000000df000000,0x00000000df876100,0x00000000df980000)
  to   space 10752K, 0% used [0x00000000e5100000,0x00000000e5100000,0x00000000e5b80000)
 ParOldGen       total 48640K, used 5810K [0x0000000086200000, 0x0000000089180000, 0x00000000d7600000)
  object space 48640K, 11% used [0x0000000086200000,0x00000000867aca60,0x0000000089180000)
 Metaspace       used 26377K, capacity 27180K, committed 27392K, reserved 1073152K
  class space    used 3309K, capacity 3505K, committed 3584K, reserved 1048576K
}

